INFO:     Started server process [6336]
INFO:     Waiting for application startup.
INFO:     Application startup complete.
INFO:     Uvicorn running on http://127.0.0.1:8001 (Press CTRL+C to quit)
INFO:     127.0.0.1:50443 - "GET /health HTTP/1.1" 200 OK
2026-02-15 22:59:48,599 INFO sqlalchemy.engine.Engine select pg_catalog.version()
2026-02-15 22:59:48,599 INFO sqlalchemy.engine.Engine [raw sql] ()
2026-02-15 22:59:48,601 INFO sqlalchemy.engine.Engine select current_schema()
2026-02-15 22:59:48,602 INFO sqlalchemy.engine.Engine [raw sql] ()
2026-02-15 22:59:48,602 INFO sqlalchemy.engine.Engine show standard_conforming_strings
2026-02-15 22:59:48,602 INFO sqlalchemy.engine.Engine [raw sql] ()
2026-02-15 22:59:48,605 INFO sqlalchemy.engine.Engine BEGIN (implicit)
2026-02-15 22:59:48,607 INFO sqlalchemy.engine.Engine SELECT projects.id, projects.title, projects.description, projects.industry, projects.summary, projects.tech_stack, projects.created_at, projects.status 
FROM projects
2026-02-15 22:59:48,607 INFO sqlalchemy.engine.Engine [generated in 0.00018s] ()
2026-02-15 22:59:48,613 INFO sqlalchemy.engine.Engine SELECT tasks.project_id AS tasks_project_id, tasks.id AS tasks_id, tasks.wbs_code AS tasks_wbs_code, tasks.title AS tasks_title, tasks.description AS tasks_description, tasks.priority AS tasks_priority, tasks.estimated_hours AS tasks_estimated_hours, tasks.actual_hours AS tasks_actual_hours, tasks.status AS tasks_status, tasks.planned_start AS tasks_planned_start, tasks.planned_end AS tasks_planned_end, tasks.actual_start AS tasks_actual_start, tasks.actual_end AS tasks_actual_end, tasks.responsible_party AS tasks_responsible_party, tasks.helper_party AS tasks_helper_party, tasks.dependencies AS tasks_dependencies, tasks.notes AS tasks_notes 
FROM tasks 
WHERE tasks.project_id IN ($1::INTEGER, $2::INTEGER)
2026-02-15 22:59:48,613 INFO sqlalchemy.engine.Engine [generated in 0.00032s] (4, 5)
2026-02-15 22:59:48,621 INFO sqlalchemy.engine.Engine SELECT materials.task_id AS materials_task_id, materials.id AS materials_id, materials.name AS materials_name, materials.category AS materials_category, materials.quantity AS materials_quantity, materials.unit AS materials_unit, materials.unit_price AS materials_unit_price, materials.total_price AS materials_total_price 
FROM materials 
WHERE materials.task_id IN ($1::INTEGER, $2::INTEGER, $3::INTEGER, $4::INTEGER, $5::INTEGER, $6::INTEGER, $7::INTEGER, $8::INTEGER, $9::INTEGER, $10::INTEGER, $11::INTEGER, $12::INTEGER, $13::INTEGER, $14::INTEGER, $15::INTEGER, $16::INTEGER, $17::INTEGER, $18::INTEGER)
2026-02-15 22:59:48,621 INFO sqlalchemy.engine.Engine [generated in 0.00047s] (28, 30, 29, 31, 32, 33, 34, 35, 36, 37, 38, 39, 40, 41, 42, 43, 44, 45)
INFO:     127.0.0.1:52611 - "GET /api/v1/projects/ HTTP/1.1" 200 OK
2026-02-15 22:59:48,626 INFO sqlalchemy.engine.Engine ROLLBACK
2026-02-15 22:59:57,506 INFO sqlalchemy.engine.Engine BEGIN (implicit)
2026-02-15 22:59:57,507 INFO sqlalchemy.engine.Engine SELECT projects.id, projects.title, projects.description, projects.industry, projects.summary, projects.tech_stack, projects.created_at, projects.status 
FROM projects
2026-02-15 22:59:57,507 INFO sqlalchemy.engine.Engine [cached since 8.9s ago] ()
2026-02-15 22:59:57,508 INFO sqlalchemy.engine.Engine SELECT tasks.project_id AS tasks_project_id, tasks.id AS tasks_id, tasks.wbs_code AS tasks_wbs_code, tasks.title AS tasks_title, tasks.description AS tasks_description, tasks.priority AS tasks_priority, tasks.estimated_hours AS tasks_estimated_hours, tasks.actual_hours AS tasks_actual_hours, tasks.status AS tasks_status, tasks.planned_start AS tasks_planned_start, tasks.planned_end AS tasks_planned_end, tasks.actual_start AS tasks_actual_start, tasks.actual_end AS tasks_actual_end, tasks.responsible_party AS tasks_responsible_party, tasks.helper_party AS tasks_helper_party, tasks.dependencies AS tasks_dependencies, tasks.notes AS tasks_notes 
FROM tasks 
WHERE tasks.project_id IN ($1::INTEGER, $2::INTEGER)
2026-02-15 22:59:57,508 INFO sqlalchemy.engine.Engine [cached since 8.894s ago] (4, 5)
2026-02-15 22:59:57,509 INFO sqlalchemy.engine.Engine SELECT materials.task_id AS materials_task_id, materials.id AS materials_id, materials.name AS materials_name, materials.category AS materials_category, materials.quantity AS materials_quantity, materials.unit AS materials_unit, materials.unit_price AS materials_unit_price, materials.total_price AS materials_total_price 
FROM materials 
WHERE materials.task_id IN ($1::INTEGER, $2::INTEGER, $3::INTEGER, $4::INTEGER, $5::INTEGER, $6::INTEGER, $7::INTEGER, $8::INTEGER, $9::INTEGER, $10::INTEGER, $11::INTEGER, $12::INTEGER, $13::INTEGER, $14::INTEGER, $15::INTEGER, $16::INTEGER, $17::INTEGER, $18::INTEGER)
2026-02-15 22:59:57,510 INFO sqlalchemy.engine.Engine [cached since 8.889s ago] (28, 30, 29, 31, 32, 33, 34, 35, 36, 37, 38, 39, 40, 41, 42, 43, 44, 45)
INFO:     127.0.0.1:63385 - "GET /api/v1/projects/ HTTP/1.1" 200 OK
2026-02-15 22:59:57,513 INFO sqlalchemy.engine.Engine ROLLBACK
2026-02-15 22:59:57,515 INFO sqlalchemy.engine.Engine BEGIN (implicit)
2026-02-15 22:59:57,516 INFO sqlalchemy.engine.Engine SELECT projects.id, projects.title, projects.description, projects.industry, projects.summary, projects.tech_stack, projects.created_at, projects.status 
FROM projects
2026-02-15 22:59:57,516 INFO sqlalchemy.engine.Engine [cached since 8.909s ago] ()
2026-02-15 22:59:57,517 INFO sqlalchemy.engine.Engine SELECT tasks.project_id AS tasks_project_id, tasks.id AS tasks_id, tasks.wbs_code AS tasks_wbs_code, tasks.title AS tasks_title, tasks.description AS tasks_description, tasks.priority AS tasks_priority, tasks.estimated_hours AS tasks_estimated_hours, tasks.actual_hours AS tasks_actual_hours, tasks.status AS tasks_status, tasks.planned_start AS tasks_planned_start, tasks.planned_end AS tasks_planned_end, tasks.actual_start AS tasks_actual_start, tasks.actual_end AS tasks_actual_end, tasks.responsible_party AS tasks_responsible_party, tasks.helper_party AS tasks_helper_party, tasks.dependencies AS tasks_dependencies, tasks.notes AS tasks_notes 
FROM tasks 
WHERE tasks.project_id IN ($1::INTEGER, $2::INTEGER)
2026-02-15 22:59:57,517 INFO sqlalchemy.engine.Engine [cached since 8.904s ago] (4, 5)
2026-02-15 22:59:57,519 INFO sqlalchemy.engine.Engine SELECT materials.task_id AS materials_task_id, materials.id AS materials_id, materials.name AS materials_name, materials.category AS materials_category, materials.quantity AS materials_quantity, materials.unit AS materials_unit, materials.unit_price AS materials_unit_price, materials.total_price AS materials_total_price 
FROM materials 
WHERE materials.task_id IN ($1::INTEGER, $2::INTEGER, $3::INTEGER, $4::INTEGER, $5::INTEGER, $6::INTEGER, $7::INTEGER, $8::INTEGER, $9::INTEGER, $10::INTEGER, $11::INTEGER, $12::INTEGER, $13::INTEGER, $14::INTEGER, $15::INTEGER, $16::INTEGER, $17::INTEGER, $18::INTEGER)
2026-02-15 22:59:57,519 INFO sqlalchemy.engine.Engine [cached since 8.899s ago] (28, 30, 29, 31, 32, 33, 34, 35, 36, 37, 38, 39, 40, 41, 42, 43, 44, 45)
INFO:     127.0.0.1:51369 - "GET /api/v1/projects/ HTTP/1.1" 200 OK
2026-02-15 22:59:57,520 INFO sqlalchemy.engine.Engine ROLLBACK
INFO:     127.0.0.1:49668 - "OPTIONS /api/v1/tasks/28 HTTP/1.1" 200 OK
2026-02-15 23:01:34,574 INFO sqlalchemy.engine.Engine BEGIN (implicit)
2026-02-15 23:01:34,575 INFO sqlalchemy.engine.Engine SELECT tasks.id, tasks.project_id, tasks.wbs_code, tasks.title, tasks.description, tasks.priority, tasks.estimated_hours, tasks.actual_hours, tasks.status, tasks.planned_start, tasks.planned_end, tasks.actual_start, tasks.actual_end, tasks.responsible_party, tasks.helper_party, tasks.dependencies, tasks.notes 
FROM tasks 
WHERE tasks.id = $1::INTEGER
2026-02-15 23:01:34,575 INFO sqlalchemy.engine.Engine [generated in 0.00019s] (28,)
2026-02-15 23:01:34,578 INFO sqlalchemy.engine.Engine UPDATE tasks SET priority=$1::VARCHAR, planned_start=$2::TIMESTAMP WITH TIME ZONE WHERE tasks.id = $3::INTEGER
2026-02-15 23:01:34,578 INFO sqlalchemy.engine.Engine [generated in 0.00016s] ('High', datetime.datetime(2026, 2, 15, 0, 0), 28)
2026-02-15 23:01:34,580 INFO sqlalchemy.engine.Engine COMMIT
2026-02-15 23:01:34,581 INFO sqlalchemy.engine.Engine BEGIN (implicit)
2026-02-15 23:01:34,582 INFO sqlalchemy.engine.Engine SELECT tasks.id, tasks.project_id, tasks.wbs_code, tasks.title, tasks.description, tasks.priority, tasks.estimated_hours, tasks.actual_hours, tasks.status, tasks.planned_start, tasks.planned_end, tasks.actual_start, tasks.actual_end, tasks.responsible_party, tasks.helper_party, tasks.dependencies, tasks.notes 
FROM tasks 
WHERE tasks.id = $1::INTEGER
2026-02-15 23:01:34,582 INFO sqlalchemy.engine.Engine [generated in 0.00011s] (28,)
2026-02-15 23:01:34,584 INFO sqlalchemy.engine.Engine SELECT tasks.id, tasks.project_id, tasks.wbs_code, tasks.title, tasks.description, tasks.priority, tasks.estimated_hours, tasks.actual_hours, tasks.status, tasks.planned_start, tasks.planned_end, tasks.actual_start, tasks.actual_end, tasks.responsible_party, tasks.helper_party, tasks.dependencies, tasks.notes 
FROM tasks 
WHERE tasks.id = $1::INTEGER
2026-02-15 23:01:34,584 INFO sqlalchemy.engine.Engine [generated in 0.00011s] (28,)
2026-02-15 23:01:34,584 INFO sqlalchemy.engine.Engine SELECT materials.task_id AS materials_task_id, materials.id AS materials_id, materials.name AS materials_name, materials.category AS materials_category, materials.quantity AS materials_quantity, materials.unit AS materials_unit, materials.unit_price AS materials_unit_price, materials.total_price AS materials_total_price 
FROM materials 
WHERE materials.task_id IN ($1::INTEGER)
2026-02-15 23:01:34,584 INFO sqlalchemy.engine.Engine [generated in 0.00014s] (28,)
INFO:     127.0.0.1:49668 - "PUT /api/v1/tasks/28 HTTP/1.1" 200 OK
2026-02-15 23:01:34,587 INFO sqlalchemy.engine.Engine ROLLBACK
2026-02-15 23:02:00,279 INFO sqlalchemy.engine.Engine BEGIN (implicit)
2026-02-15 23:02:00,279 INFO sqlalchemy.engine.Engine SELECT projects.id, projects.title, projects.description, projects.industry, projects.summary, projects.tech_stack, projects.created_at, projects.status 
FROM projects
2026-02-15 23:02:00,280 INFO sqlalchemy.engine.Engine [cached since 131.7s ago] ()
2026-02-15 23:02:00,283 INFO sqlalchemy.engine.Engine SELECT tasks.project_id AS tasks_project_id, tasks.id AS tasks_id, tasks.wbs_code AS tasks_wbs_code, tasks.title AS tasks_title, tasks.description AS tasks_description, tasks.priority AS tasks_priority, tasks.estimated_hours AS tasks_estimated_hours, tasks.actual_hours AS tasks_actual_hours, tasks.status AS tasks_status, tasks.planned_start AS tasks_planned_start, tasks.planned_end AS tasks_planned_end, tasks.actual_start AS tasks_actual_start, tasks.actual_end AS tasks_actual_end, tasks.responsible_party AS tasks_responsible_party, tasks.helper_party AS tasks_helper_party, tasks.dependencies AS tasks_dependencies, tasks.notes AS tasks_notes 
FROM tasks 
WHERE tasks.project_id IN ($1::INTEGER, $2::INTEGER)
2026-02-15 23:02:00,283 INFO sqlalchemy.engine.Engine [cached since 131.7s ago] (4, 5)
2026-02-15 23:02:00,286 INFO sqlalchemy.engine.Engine SELECT materials.task_id AS materials_task_id, materials.id AS materials_id, materials.name AS materials_name, materials.category AS materials_category, materials.quantity AS materials_quantity, materials.unit AS materials_unit, materials.unit_price AS materials_unit_price, materials.total_price AS materials_total_price 
FROM materials 
WHERE materials.task_id IN ($1::INTEGER, $2::INTEGER, $3::INTEGER, $4::INTEGER, $5::INTEGER, $6::INTEGER, $7::INTEGER, $8::INTEGER, $9::INTEGER, $10::INTEGER, $11::INTEGER, $12::INTEGER, $13::INTEGER, $14::INTEGER, $15::INTEGER, $16::INTEGER, $17::INTEGER, $18::INTEGER)
2026-02-15 23:02:00,286 INFO sqlalchemy.engine.Engine [cached since 131.7s ago] (30, 29, 31, 32, 28, 33, 34, 35, 36, 37, 38, 39, 40, 41, 42, 43, 44, 45)
INFO:     127.0.0.1:59095 - "GET /api/v1/projects/ HTTP/1.1" 200 OK
2026-02-15 23:02:00,288 INFO sqlalchemy.engine.Engine ROLLBACK
2026-02-15 23:02:00,292 INFO sqlalchemy.engine.Engine BEGIN (implicit)
2026-02-15 23:02:00,292 INFO sqlalchemy.engine.Engine SELECT projects.id, projects.title, projects.description, projects.industry, projects.summary, projects.tech_stack, projects.created_at, projects.status 
FROM projects
2026-02-15 23:02:00,292 INFO sqlalchemy.engine.Engine [cached since 131.7s ago] ()
2026-02-15 23:02:00,293 INFO sqlalchemy.engine.Engine SELECT tasks.project_id AS tasks_project_id, tasks.id AS tasks_id, tasks.wbs_code AS tasks_wbs_code, tasks.title AS tasks_title, tasks.description AS tasks_description, tasks.priority AS tasks_priority, tasks.estimated_hours AS tasks_estimated_hours, tasks.actual_hours AS tasks_actual_hours, tasks.status AS tasks_status, tasks.planned_start AS tasks_planned_start, tasks.planned_end AS tasks_planned_end, tasks.actual_start AS tasks_actual_start, tasks.actual_end AS tasks_actual_end, tasks.responsible_party AS tasks_responsible_party, tasks.helper_party AS tasks_helper_party, tasks.dependencies AS tasks_dependencies, tasks.notes AS tasks_notes 
FROM tasks 
WHERE tasks.project_id IN ($1::INTEGER, $2::INTEGER)
2026-02-15 23:02:00,293 INFO sqlalchemy.engine.Engine [cached since 131.7s ago] (4, 5)
2026-02-15 23:02:00,296 INFO sqlalchemy.engine.Engine SELECT materials.task_id AS materials_task_id, materials.id AS materials_id, materials.name AS materials_name, materials.category AS materials_category, materials.quantity AS materials_quantity, materials.unit AS materials_unit, materials.unit_price AS materials_unit_price, materials.total_price AS materials_total_price 
FROM materials 
WHERE materials.task_id IN ($1::INTEGER, $2::INTEGER, $3::INTEGER, $4::INTEGER, $5::INTEGER, $6::INTEGER, $7::INTEGER, $8::INTEGER, $9::INTEGER, $10::INTEGER, $11::INTEGER, $12::INTEGER, $13::INTEGER, $14::INTEGER, $15::INTEGER, $16::INTEGER, $17::INTEGER, $18::INTEGER)
2026-02-15 23:02:00,297 INFO sqlalchemy.engine.Engine [cached since 131.7s ago] (30, 29, 31, 32, 28, 33, 34, 35, 36, 37, 38, 39, 40, 41, 42, 43, 44, 45)
INFO:     127.0.0.1:52597 - "GET /api/v1/projects/ HTTP/1.1" 200 OK
2026-02-15 23:02:00,299 INFO sqlalchemy.engine.Engine ROLLBACK
2026-02-15 23:07:09,165 INFO sqlalchemy.engine.Engine BEGIN (implicit)
2026-02-15 23:07:09,165 INFO sqlalchemy.engine.Engine SELECT projects.id, projects.title, projects.description, projects.industry, projects.summary, projects.tech_stack, projects.created_at, projects.status 
FROM projects
2026-02-15 23:07:09,165 INFO sqlalchemy.engine.Engine [cached since 440.6s ago] ()
INFO:     127.0.0.1:60823 - "GET /health HTTP/1.1" 200 OK
2026-02-15 23:07:09,168 INFO sqlalchemy.engine.Engine SELECT tasks.project_id AS tasks_project_id, tasks.id AS tasks_id, tasks.wbs_code AS tasks_wbs_code, tasks.title AS tasks_title, tasks.description AS tasks_description, tasks.priority AS tasks_priority, tasks.estimated_hours AS tasks_estimated_hours, tasks.actual_hours AS tasks_actual_hours, tasks.status AS tasks_status, tasks.planned_start AS tasks_planned_start, tasks.planned_end AS tasks_planned_end, tasks.actual_start AS tasks_actual_start, tasks.actual_end AS tasks_actual_end, tasks.responsible_party AS tasks_responsible_party, tasks.helper_party AS tasks_helper_party, tasks.dependencies AS tasks_dependencies, tasks.notes AS tasks_notes 
FROM tasks 
WHERE tasks.project_id IN ($1::INTEGER, $2::INTEGER)
2026-02-15 23:07:09,168 INFO sqlalchemy.engine.Engine [cached since 440.6s ago] (4, 5)
2026-02-15 23:07:09,170 INFO sqlalchemy.engine.Engine SELECT materials.task_id AS materials_task_id, materials.id AS materials_id, materials.name AS materials_name, materials.category AS materials_category, materials.quantity AS materials_quantity, materials.unit AS materials_unit, materials.unit_price AS materials_unit_price, materials.total_price AS materials_total_price 
FROM materials 
WHERE materials.task_id IN ($1::INTEGER, $2::INTEGER, $3::INTEGER, $4::INTEGER, $5::INTEGER, $6::INTEGER, $7::INTEGER, $8::INTEGER, $9::INTEGER, $10::INTEGER, $11::INTEGER, $12::INTEGER, $13::INTEGER, $14::INTEGER, $15::INTEGER, $16::INTEGER, $17::INTEGER, $18::INTEGER)
2026-02-15 23:07:09,170 INFO sqlalchemy.engine.Engine [cached since 440.6s ago] (30, 29, 31, 32, 28, 33, 34, 35, 36, 37, 38, 39, 40, 41, 42, 43, 44, 45)
INFO:     127.0.0.1:65290 - "GET /api/v1/projects/ HTTP/1.1" 200 OK
2026-02-15 23:07:09,173 INFO sqlalchemy.engine.Engine ROLLBACK
2026-02-15 23:08:48,702 INFO sqlalchemy.engine.Engine BEGIN (implicit)
2026-02-15 23:08:48,703 INFO sqlalchemy.engine.Engine SELECT projects.id, projects.title, projects.description, projects.industry, projects.summary, projects.tech_stack, projects.created_at, projects.status 
FROM projects
2026-02-15 23:08:48,703 INFO sqlalchemy.engine.Engine [cached since 540.1s ago] ()
INFO:     127.0.0.1:50907 - "GET /health HTTP/1.1" 200 OK
2026-02-15 23:08:48,705 INFO sqlalchemy.engine.Engine SELECT tasks.project_id AS tasks_project_id, tasks.id AS tasks_id, tasks.wbs_code AS tasks_wbs_code, tasks.title AS tasks_title, tasks.description AS tasks_description, tasks.priority AS tasks_priority, tasks.estimated_hours AS tasks_estimated_hours, tasks.actual_hours AS tasks_actual_hours, tasks.status AS tasks_status, tasks.planned_start AS tasks_planned_start, tasks.planned_end AS tasks_planned_end, tasks.actual_start AS tasks_actual_start, tasks.actual_end AS tasks_actual_end, tasks.responsible_party AS tasks_responsible_party, tasks.helper_party AS tasks_helper_party, tasks.dependencies AS tasks_dependencies, tasks.notes AS tasks_notes 
FROM tasks 
WHERE tasks.project_id IN ($1::INTEGER, $2::INTEGER)
2026-02-15 23:08:48,705 INFO sqlalchemy.engine.Engine [cached since 540.1s ago] (4, 5)
2026-02-15 23:08:48,708 INFO sqlalchemy.engine.Engine SELECT materials.task_id AS materials_task_id, materials.id AS materials_id, materials.name AS materials_name, materials.category AS materials_category, materials.quantity AS materials_quantity, materials.unit AS materials_unit, materials.unit_price AS materials_unit_price, materials.total_price AS materials_total_price 
FROM materials 
WHERE materials.task_id IN ($1::INTEGER, $2::INTEGER, $3::INTEGER, $4::INTEGER, $5::INTEGER, $6::INTEGER, $7::INTEGER, $8::INTEGER, $9::INTEGER, $10::INTEGER, $11::INTEGER, $12::INTEGER, $13::INTEGER, $14::INTEGER, $15::INTEGER, $16::INTEGER, $17::INTEGER, $18::INTEGER)
2026-02-15 23:08:48,708 INFO sqlalchemy.engine.Engine [cached since 540.1s ago] (30, 29, 31, 32, 28, 33, 34, 35, 36, 37, 38, 39, 40, 41, 42, 43, 44, 45)
INFO:     127.0.0.1:57325 - "GET /api/v1/projects/ HTTP/1.1" 200 OK
2026-02-15 23:08:48,712 INFO sqlalchemy.engine.Engine ROLLBACK
2026-02-15 23:09:26,073 INFO sqlalchemy.engine.Engine BEGIN (implicit)
2026-02-15 23:09:26,074 INFO sqlalchemy.engine.Engine SELECT projects.id, projects.title, projects.description, projects.industry, projects.summary, projects.tech_stack, projects.created_at, projects.status 
FROM projects
2026-02-15 23:09:26,074 INFO sqlalchemy.engine.Engine [cached since 577.5s ago] ()
INFO:     127.0.0.1:54946 - "GET /health HTTP/1.1" 200 OK
2026-02-15 23:09:26,078 INFO sqlalchemy.engine.Engine SELECT tasks.project_id AS tasks_project_id, tasks.id AS tasks_id, tasks.wbs_code AS tasks_wbs_code, tasks.title AS tasks_title, tasks.description AS tasks_description, tasks.priority AS tasks_priority, tasks.estimated_hours AS tasks_estimated_hours, tasks.actual_hours AS tasks_actual_hours, tasks.status AS tasks_status, tasks.planned_start AS tasks_planned_start, tasks.planned_end AS tasks_planned_end, tasks.actual_start AS tasks_actual_start, tasks.actual_end AS tasks_actual_end, tasks.responsible_party AS tasks_responsible_party, tasks.helper_party AS tasks_helper_party, tasks.dependencies AS tasks_dependencies, tasks.notes AS tasks_notes 
FROM tasks 
WHERE tasks.project_id IN ($1::INTEGER, $2::INTEGER)
2026-02-15 23:09:26,079 INFO sqlalchemy.engine.Engine [cached since 577.5s ago] (4, 5)
2026-02-15 23:09:26,081 INFO sqlalchemy.engine.Engine SELECT materials.task_id AS materials_task_id, materials.id AS materials_id, materials.name AS materials_name, materials.category AS materials_category, materials.quantity AS materials_quantity, materials.unit AS materials_unit, materials.unit_price AS materials_unit_price, materials.total_price AS materials_total_price 
FROM materials 
WHERE materials.task_id IN ($1::INTEGER, $2::INTEGER, $3::INTEGER, $4::INTEGER, $5::INTEGER, $6::INTEGER, $7::INTEGER, $8::INTEGER, $9::INTEGER, $10::INTEGER, $11::INTEGER, $12::INTEGER, $13::INTEGER, $14::INTEGER, $15::INTEGER, $16::INTEGER, $17::INTEGER, $18::INTEGER)
2026-02-15 23:09:26,081 INFO sqlalchemy.engine.Engine [cached since 577.5s ago] (30, 29, 31, 32, 28, 33, 34, 35, 36, 37, 38, 39, 40, 41, 42, 43, 44, 45)
INFO:     127.0.0.1:65129 - "GET /api/v1/projects/ HTTP/1.1" 200 OK
2026-02-15 23:09:26,084 INFO sqlalchemy.engine.Engine ROLLBACK
2026-02-15 23:09:39,052 INFO sqlalchemy.engine.Engine BEGIN (implicit)
2026-02-15 23:09:39,052 INFO sqlalchemy.engine.Engine SELECT projects.id, projects.title, projects.description, projects.industry, projects.summary, projects.tech_stack, projects.created_at, projects.status 
FROM projects
2026-02-15 23:09:39,052 INFO sqlalchemy.engine.Engine [cached since 590.4s ago] ()
2026-02-15 23:09:39,054 INFO sqlalchemy.engine.Engine SELECT tasks.project_id AS tasks_project_id, tasks.id AS tasks_id, tasks.wbs_code AS tasks_wbs_code, tasks.title AS tasks_title, tasks.description AS tasks_description, tasks.priority AS tasks_priority, tasks.estimated_hours AS tasks_estimated_hours, tasks.actual_hours AS tasks_actual_hours, tasks.status AS tasks_status, tasks.planned_start AS tasks_planned_start, tasks.planned_end AS tasks_planned_end, tasks.actual_start AS tasks_actual_start, tasks.actual_end AS tasks_actual_end, tasks.responsible_party AS tasks_responsible_party, tasks.helper_party AS tasks_helper_party, tasks.dependencies AS tasks_dependencies, tasks.notes AS tasks_notes 
FROM tasks 
WHERE tasks.project_id IN ($1::INTEGER, $2::INTEGER)
2026-02-15 23:09:39,054 INFO sqlalchemy.engine.Engine [cached since 590.4s ago] (4, 5)
2026-02-15 23:09:39,056 INFO sqlalchemy.engine.Engine SELECT materials.task_id AS materials_task_id, materials.id AS materials_id, materials.name AS materials_name, materials.category AS materials_category, materials.quantity AS materials_quantity, materials.unit AS materials_unit, materials.unit_price AS materials_unit_price, materials.total_price AS materials_total_price 
FROM materials 
WHERE materials.task_id IN ($1::INTEGER, $2::INTEGER, $3::INTEGER, $4::INTEGER, $5::INTEGER, $6::INTEGER, $7::INTEGER, $8::INTEGER, $9::INTEGER, $10::INTEGER, $11::INTEGER, $12::INTEGER, $13::INTEGER, $14::INTEGER, $15::INTEGER, $16::INTEGER, $17::INTEGER, $18::INTEGER)
2026-02-15 23:09:39,056 INFO sqlalchemy.engine.Engine [cached since 590.4s ago] (30, 29, 31, 32, 28, 33, 34, 35, 36, 37, 38, 39, 40, 41, 42, 43, 44, 45)
INFO:     127.0.0.1:61266 - "GET /api/v1/projects/ HTTP/1.1" 200 OK
2026-02-15 23:09:39,057 INFO sqlalchemy.engine.Engine ROLLBACK
2026-02-15 23:09:39,059 INFO sqlalchemy.engine.Engine BEGIN (implicit)
2026-02-15 23:09:39,059 INFO sqlalchemy.engine.Engine SELECT projects.id, projects.title, projects.description, projects.industry, projects.summary, projects.tech_stack, projects.created_at, projects.status 
FROM projects
2026-02-15 23:09:39,059 INFO sqlalchemy.engine.Engine [cached since 590.5s ago] ()
2026-02-15 23:09:39,060 INFO sqlalchemy.engine.Engine SELECT tasks.project_id AS tasks_project_id, tasks.id AS tasks_id, tasks.wbs_code AS tasks_wbs_code, tasks.title AS tasks_title, tasks.description AS tasks_description, tasks.priority AS tasks_priority, tasks.estimated_hours AS tasks_estimated_hours, tasks.actual_hours AS tasks_actual_hours, tasks.status AS tasks_status, tasks.planned_start AS tasks_planned_start, tasks.planned_end AS tasks_planned_end, tasks.actual_start AS tasks_actual_start, tasks.actual_end AS tasks_actual_end, tasks.responsible_party AS tasks_responsible_party, tasks.helper_party AS tasks_helper_party, tasks.dependencies AS tasks_dependencies, tasks.notes AS tasks_notes 
FROM tasks 
WHERE tasks.project_id IN ($1::INTEGER, $2::INTEGER)
2026-02-15 23:09:39,060 INFO sqlalchemy.engine.Engine [cached since 590.4s ago] (4, 5)
2026-02-15 23:09:39,061 INFO sqlalchemy.engine.Engine SELECT materials.task_id AS materials_task_id, materials.id AS materials_id, materials.name AS materials_name, materials.category AS materials_category, materials.quantity AS materials_quantity, materials.unit AS materials_unit, materials.unit_price AS materials_unit_price, materials.total_price AS materials_total_price 
FROM materials 
WHERE materials.task_id IN ($1::INTEGER, $2::INTEGER, $3::INTEGER, $4::INTEGER, $5::INTEGER, $6::INTEGER, $7::INTEGER, $8::INTEGER, $9::INTEGER, $10::INTEGER, $11::INTEGER, $12::INTEGER, $13::INTEGER, $14::INTEGER, $15::INTEGER, $16::INTEGER, $17::INTEGER, $18::INTEGER)
2026-02-15 23:09:39,062 INFO sqlalchemy.engine.Engine [cached since 590.4s ago] (30, 29, 31, 32, 28, 33, 34, 35, 36, 37, 38, 39, 40, 41, 42, 43, 44, 45)
INFO:     127.0.0.1:65375 - "GET /api/v1/projects/ HTTP/1.1" 200 OK
2026-02-15 23:09:39,063 INFO sqlalchemy.engine.Engine ROLLBACK
2026-02-15 23:09:59,976 INFO sqlalchemy.engine.Engine BEGIN (implicit)
2026-02-15 23:09:59,976 INFO sqlalchemy.engine.Engine SELECT projects.id, projects.title, projects.description, projects.industry, projects.summary, projects.tech_stack, projects.created_at, projects.status 
FROM projects
2026-02-15 23:09:59,976 INFO sqlalchemy.engine.Engine [cached since 611.4s ago] ()
INFO:     127.0.0.1:61093 - "GET /health HTTP/1.1" 200 OK
2026-02-15 23:09:59,978 INFO sqlalchemy.engine.Engine SELECT tasks.project_id AS tasks_project_id, tasks.id AS tasks_id, tasks.wbs_code AS tasks_wbs_code, tasks.title AS tasks_title, tasks.description AS tasks_description, tasks.priority AS tasks_priority, tasks.estimated_hours AS tasks_estimated_hours, tasks.actual_hours AS tasks_actual_hours, tasks.status AS tasks_status, tasks.planned_start AS tasks_planned_start, tasks.planned_end AS tasks_planned_end, tasks.actual_start AS tasks_actual_start, tasks.actual_end AS tasks_actual_end, tasks.responsible_party AS tasks_responsible_party, tasks.helper_party AS tasks_helper_party, tasks.dependencies AS tasks_dependencies, tasks.notes AS tasks_notes 
FROM tasks 
WHERE tasks.project_id IN ($1::INTEGER, $2::INTEGER)
2026-02-15 23:09:59,978 INFO sqlalchemy.engine.Engine [cached since 611.4s ago] (4, 5)
2026-02-15 23:09:59,979 INFO sqlalchemy.engine.Engine SELECT materials.task_id AS materials_task_id, materials.id AS materials_id, materials.name AS materials_name, materials.category AS materials_category, materials.quantity AS materials_quantity, materials.unit AS materials_unit, materials.unit_price AS materials_unit_price, materials.total_price AS materials_total_price 
FROM materials 
WHERE materials.task_id IN ($1::INTEGER, $2::INTEGER, $3::INTEGER, $4::INTEGER, $5::INTEGER, $6::INTEGER, $7::INTEGER, $8::INTEGER, $9::INTEGER, $10::INTEGER, $11::INTEGER, $12::INTEGER, $13::INTEGER, $14::INTEGER, $15::INTEGER, $16::INTEGER, $17::INTEGER, $18::INTEGER)
2026-02-15 23:09:59,980 INFO sqlalchemy.engine.Engine [cached since 611.4s ago] (30, 29, 31, 32, 28, 33, 34, 35, 36, 37, 38, 39, 40, 41, 42, 43, 44, 45)
INFO:     127.0.0.1:51315 - "GET /api/v1/projects/ HTTP/1.1" 200 OK
2026-02-15 23:09:59,983 INFO sqlalchemy.engine.Engine ROLLBACK
2026-02-15 23:10:28,613 INFO sqlalchemy.engine.Engine BEGIN (implicit)
2026-02-15 23:10:28,613 INFO sqlalchemy.engine.Engine SELECT projects.id, projects.title, projects.description, projects.industry, projects.summary, projects.tech_stack, projects.created_at, projects.status 
FROM projects
2026-02-15 23:10:28,613 INFO sqlalchemy.engine.Engine [cached since 640s ago] ()
2026-02-15 23:10:28,615 INFO sqlalchemy.engine.Engine SELECT tasks.project_id AS tasks_project_id, tasks.id AS tasks_id, tasks.wbs_code AS tasks_wbs_code, tasks.title AS tasks_title, tasks.description AS tasks_description, tasks.priority AS tasks_priority, tasks.estimated_hours AS tasks_estimated_hours, tasks.actual_hours AS tasks_actual_hours, tasks.status AS tasks_status, tasks.planned_start AS tasks_planned_start, tasks.planned_end AS tasks_planned_end, tasks.actual_start AS tasks_actual_start, tasks.actual_end AS tasks_actual_end, tasks.responsible_party AS tasks_responsible_party, tasks.helper_party AS tasks_helper_party, tasks.dependencies AS tasks_dependencies, tasks.notes AS tasks_notes 
FROM tasks 
WHERE tasks.project_id IN ($1::INTEGER, $2::INTEGER)
2026-02-15 23:10:28,615 INFO sqlalchemy.engine.Engine [cached since 640s ago] (4, 5)
2026-02-15 23:10:28,617 INFO sqlalchemy.engine.Engine SELECT materials.task_id AS materials_task_id, materials.id AS materials_id, materials.name AS materials_name, materials.category AS materials_category, materials.quantity AS materials_quantity, materials.unit AS materials_unit, materials.unit_price AS materials_unit_price, materials.total_price AS materials_total_price 
FROM materials 
WHERE materials.task_id IN ($1::INTEGER, $2::INTEGER, $3::INTEGER, $4::INTEGER, $5::INTEGER, $6::INTEGER, $7::INTEGER, $8::INTEGER, $9::INTEGER, $10::INTEGER, $11::INTEGER, $12::INTEGER, $13::INTEGER, $14::INTEGER, $15::INTEGER, $16::INTEGER, $17::INTEGER, $18::INTEGER)
2026-02-15 23:10:28,617 INFO sqlalchemy.engine.Engine [cached since 640s ago] (30, 29, 31, 32, 28, 33, 34, 35, 36, 37, 38, 39, 40, 41, 42, 43, 44, 45)
INFO:     127.0.0.1:50751 - "GET /api/v1/projects/ HTTP/1.1" 200 OK
2026-02-15 23:10:28,619 INFO sqlalchemy.engine.Engine ROLLBACK
2026-02-15 23:10:28,620 INFO sqlalchemy.engine.Engine BEGIN (implicit)
2026-02-15 23:10:28,621 INFO sqlalchemy.engine.Engine SELECT projects.id, projects.title, projects.description, projects.industry, projects.summary, projects.tech_stack, projects.created_at, projects.status 
FROM projects
2026-02-15 23:10:28,621 INFO sqlalchemy.engine.Engine [cached since 640s ago] ()
2026-02-15 23:10:28,622 INFO sqlalchemy.engine.Engine SELECT tasks.project_id AS tasks_project_id, tasks.id AS tasks_id, tasks.wbs_code AS tasks_wbs_code, tasks.title AS tasks_title, tasks.description AS tasks_description, tasks.priority AS tasks_priority, tasks.estimated_hours AS tasks_estimated_hours, tasks.actual_hours AS tasks_actual_hours, tasks.status AS tasks_status, tasks.planned_start AS tasks_planned_start, tasks.planned_end AS tasks_planned_end, tasks.actual_start AS tasks_actual_start, tasks.actual_end AS tasks_actual_end, tasks.responsible_party AS tasks_responsible_party, tasks.helper_party AS tasks_helper_party, tasks.dependencies AS tasks_dependencies, tasks.notes AS tasks_notes 
FROM tasks 
WHERE tasks.project_id IN ($1::INTEGER, $2::INTEGER)
2026-02-15 23:10:28,622 INFO sqlalchemy.engine.Engine [cached since 640s ago] (4, 5)
2026-02-15 23:10:28,623 INFO sqlalchemy.engine.Engine SELECT materials.task_id AS materials_task_id, materials.id AS materials_id, materials.name AS materials_name, materials.category AS materials_category, materials.quantity AS materials_quantity, materials.unit AS materials_unit, materials.unit_price AS materials_unit_price, materials.total_price AS materials_total_price 
FROM materials 
WHERE materials.task_id IN ($1::INTEGER, $2::INTEGER, $3::INTEGER, $4::INTEGER, $5::INTEGER, $6::INTEGER, $7::INTEGER, $8::INTEGER, $9::INTEGER, $10::INTEGER, $11::INTEGER, $12::INTEGER, $13::INTEGER, $14::INTEGER, $15::INTEGER, $16::INTEGER, $17::INTEGER, $18::INTEGER)
2026-02-15 23:10:28,623 INFO sqlalchemy.engine.Engine [cached since 640s ago] (30, 29, 31, 32, 28, 33, 34, 35, 36, 37, 38, 39, 40, 41, 42, 43, 44, 45)
INFO:     127.0.0.1:59515 - "GET /api/v1/projects/ HTTP/1.1" 200 OK
2026-02-15 23:10:28,626 INFO sqlalchemy.engine.Engine ROLLBACK
2026-02-15 23:11:03,372 INFO sqlalchemy.engine.Engine BEGIN (implicit)
2026-02-15 23:11:03,372 INFO sqlalchemy.engine.Engine SELECT projects.id, projects.title, projects.description, projects.industry, projects.summary, projects.tech_stack, projects.created_at, projects.status 
FROM projects
2026-02-15 23:11:03,373 INFO sqlalchemy.engine.Engine [cached since 674.8s ago] ()
INFO:     127.0.0.1:58006 - "GET /health HTTP/1.1" 200 OK
2026-02-15 23:11:03,376 INFO sqlalchemy.engine.Engine SELECT tasks.project_id AS tasks_project_id, tasks.id AS tasks_id, tasks.wbs_code AS tasks_wbs_code, tasks.title AS tasks_title, tasks.description AS tasks_description, tasks.priority AS tasks_priority, tasks.estimated_hours AS tasks_estimated_hours, tasks.actual_hours AS tasks_actual_hours, tasks.status AS tasks_status, tasks.planned_start AS tasks_planned_start, tasks.planned_end AS tasks_planned_end, tasks.actual_start AS tasks_actual_start, tasks.actual_end AS tasks_actual_end, tasks.responsible_party AS tasks_responsible_party, tasks.helper_party AS tasks_helper_party, tasks.dependencies AS tasks_dependencies, tasks.notes AS tasks_notes 
FROM tasks 
WHERE tasks.project_id IN ($1::INTEGER, $2::INTEGER)
2026-02-15 23:11:03,376 INFO sqlalchemy.engine.Engine [cached since 674.8s ago] (4, 5)
2026-02-15 23:11:03,378 INFO sqlalchemy.engine.Engine SELECT materials.task_id AS materials_task_id, materials.id AS materials_id, materials.name AS materials_name, materials.category AS materials_category, materials.quantity AS materials_quantity, materials.unit AS materials_unit, materials.unit_price AS materials_unit_price, materials.total_price AS materials_total_price 
FROM materials 
WHERE materials.task_id IN ($1::INTEGER, $2::INTEGER, $3::INTEGER, $4::INTEGER, $5::INTEGER, $6::INTEGER, $7::INTEGER, $8::INTEGER, $9::INTEGER, $10::INTEGER, $11::INTEGER, $12::INTEGER, $13::INTEGER, $14::INTEGER, $15::INTEGER, $16::INTEGER, $17::INTEGER, $18::INTEGER)
2026-02-15 23:11:03,378 INFO sqlalchemy.engine.Engine [cached since 674.8s ago] (30, 29, 31, 32, 28, 33, 34, 35, 36, 37, 38, 39, 40, 41, 42, 43, 44, 45)
INFO:     127.0.0.1:56345 - "GET /api/v1/projects/ HTTP/1.1" 200 OK
2026-02-15 23:11:03,582 INFO sqlalchemy.engine.Engine ROLLBACK
INFO:     127.0.0.1:64910 - "OPTIONS /api/v1/projects/generate-plan HTTP/1.1" 200 OK
INFO:     127.0.0.1:64910 - "POST /api/v1/projects/generate-plan HTTP/1.1" 200 OK
INFO:     127.0.0.1:55758 - "OPTIONS /api/v1/projects/ HTTP/1.1" 200 OK
2026-02-15 23:12:47,141 INFO sqlalchemy.engine.Engine BEGIN (implicit)
2026-02-15 23:12:47,143 INFO sqlalchemy.engine.Engine INSERT INTO projects (title, description, industry, summary, tech_stack, status) VALUES ($1::VARCHAR, $2::VARCHAR, $3::VARCHAR, $4::VARCHAR, $5::JSON, $6::VARCHAR) RETURNING projects.id, projects.created_at
2026-02-15 23:12:47,143 INFO sqlalchemy.engine.Engine [generated in 0.00020s] ('Micro-Arc Oxidation (MAO) Pilot Plant Development', 'the same project as MAO pilot project', 'the same mao project', 'This project involves the design, procurement, and commissioning of a pilot-scale Micro-Arc Oxidation (MAO) facility. The objective is to establish a ... (177 characters truncated) ... er supply, an integrated cooling system, and automated electrolyte monitoring to ensure process stability and coating quality for industrial testing.', '["SolidWorks", "TIA Portal (PLC Programming)", "Ignition SCADA", "MATLAB (Pulse Waveform Analysis)", "Keysight Oscilloscope Software"]', 'planning')
2026-02-15 23:12:47,151 INFO sqlalchemy.engine.Engine INSERT INTO tasks (project_id, wbs_code, title, description, priority, estimated_hours, actual_hours, status, planned_start, planned_end, actual_start, actual_end, responsible_party, helper_party, dependencies, notes) VALUES ($1::INTEGER, $2::VARCHAR, $3::VARCHAR, $4::VARCHAR, $5::VARCHAR, $6::FLOAT, $7::FLOAT, $8::VARCHAR, $9::TIMESTAMP WITH TIME ZONE, $10::TIMESTAMP WITH TIME ZONE, $11::TIMESTAMP WITH TIME ZONE, $12::TIMESTAMP WITH TIME ZONE, $13::VARCHAR, $14::VARCHAR, $15::JSON, $16::VARCHAR) RETURNING tasks.id
2026-02-15 23:12:47,151 INFO sqlalchemy.engine.Engine [generated in 0.00036s] (6, None, 'Site Survey and Facility Layout Design', 'Assessment of floor space, drainage, and power requirements. Design of the physical layout for the electrolytic tank, chiller, and control cabinet using CAD software.', 'Medium', 40.0, 0.0, 'not_started', None, None, None, None, None, None, '[]', None)
2026-02-15 23:12:47,154 INFO sqlalchemy.engine.Engine INSERT INTO tasks (project_id, wbs_code, title, description, priority, estimated_hours, actual_hours, status, planned_start, planned_end, actual_start, actual_end, responsible_party, helper_party, dependencies, notes) VALUES ($1::INTEGER, $2::VARCHAR, $3::VARCHAR, $4::VARCHAR, $5::VARCHAR, $6::FLOAT, $7::FLOAT, $8::VARCHAR, $9::TIMESTAMP WITH TIME ZONE, $10::TIMESTAMP WITH TIME ZONE, $11::TIMESTAMP WITH TIME ZONE, $12::TIMESTAMP WITH TIME ZONE, $13::VARCHAR, $14::VARCHAR, $15::JSON, $16::VARCHAR) RETURNING tasks.id
2026-02-15 23:12:47,154 INFO sqlalchemy.engine.Engine [cached since 0.004825s ago] (6, None, 'Power Supply Specification and Procurement', 'Sourcing a high-power IGBT-based bipolar pulse power supply capable of 600V-1000V and frequency modulation (50Hz - 2000Hz).', 'Medium', 24.0, 0.0, 'not_started', None, None, None, None, None, None, '["Site Survey and Facility Layout Design"]', None)
2026-02-15 23:12:47,156 INFO sqlalchemy.engine.Engine INSERT INTO tasks (project_id, wbs_code, title, description, priority, estimated_hours, actual_hours, status, planned_start, planned_end, actual_start, actual_end, responsible_party, helper_party, dependencies, notes) VALUES ($1::INTEGER, $2::VARCHAR, $3::VARCHAR, $4::VARCHAR, $5::VARCHAR, $6::FLOAT, $7::FLOAT, $8::VARCHAR, $9::TIMESTAMP WITH TIME ZONE, $10::TIMESTAMP WITH TIME ZONE, $11::TIMESTAMP WITH TIME ZONE, $12::TIMESTAMP WITH TIME ZONE, $13::VARCHAR, $14::VARCHAR, $15::JSON, $16::VARCHAR) RETURNING tasks.id
2026-02-15 23:12:47,156 INFO sqlalchemy.engine.Engine [cached since 0.00565s ago] (6, None, 'Tank and Cooling System Fabrication', 'Construction of a double-walled stainless steel or reinforced polymer tank. Installation of the heat exchanger and industrial chiller to maintain electrolyte temperature between 10-30°C.', 'Medium', 80.0, 0.0, 'not_started', None, None, None, None, None, None, '["Site Survey and Facility Layout Design"]', None)
2026-02-15 23:12:47,157 INFO sqlalchemy.engine.Engine INSERT INTO tasks (project_id, wbs_code, title, description, priority, estimated_hours, actual_hours, status, planned_start, planned_end, actual_start, actual_end, responsible_party, helper_party, dependencies, notes) VALUES ($1::INTEGER, $2::VARCHAR, $3::VARCHAR, $4::VARCHAR, $5::VARCHAR, $6::FLOAT, $7::FLOAT, $8::VARCHAR, $9::TIMESTAMP WITH TIME ZONE, $10::TIMESTAMP WITH TIME ZONE, $11::TIMESTAMP WITH TIME ZONE, $12::TIMESTAMP WITH TIME ZONE, $13::VARCHAR, $14::VARCHAR, $15::JSON, $16::VARCHAR) RETURNING tasks.id
2026-02-15 23:12:47,157 INFO sqlalchemy.engine.Engine [cached since 0.007261s ago] (6, None, 'Control System and Sensor Integration', 'Installation of PLC and SCADA system. Integration of temperature, pH, conductivity, and liquid level sensors for real-time process monitoring.', 'Medium', 60.0, 0.0, 'not_started', None, None, None, None, None, None, '["Power Supply Specification and Procurement", "Tank and Cooling System Fabrication"]', None)
2026-02-15 23:12:47,158 INFO sqlalchemy.engine.Engine INSERT INTO tasks (project_id, wbs_code, title, description, priority, estimated_hours, actual_hours, status, planned_start, planned_end, actual_start, actual_end, responsible_party, helper_party, dependencies, notes) VALUES ($1::INTEGER, $2::VARCHAR, $3::VARCHAR, $4::VARCHAR, $5::VARCHAR, $6::FLOAT, $7::FLOAT, $8::VARCHAR, $9::TIMESTAMP WITH TIME ZONE, $10::TIMESTAMP WITH TIME ZONE, $11::TIMESTAMP WITH TIME ZONE, $12::TIMESTAMP WITH TIME ZONE, $13::VARCHAR, $14::VARCHAR, $15::JSON, $16::VARCHAR) RETURNING tasks.id
2026-02-15 23:12:47,158 INFO sqlalchemy.engine.Engine [cached since 0.008393s ago] (6, None, 'Electrolyte Formulation and Initial Charging', 'Preparation of the alkaline silicate-based or phosphate-based electrolyte solution. Testing chemical concentration and conductivity.', 'Medium', 16.0, 0.0, 'not_started', None, None, None, None, None, None, '["Tank and Cooling System Fabrication"]', None)
2026-02-15 23:12:47,159 INFO sqlalchemy.engine.Engine INSERT INTO tasks (project_id, wbs_code, title, description, priority, estimated_hours, actual_hours, status, planned_start, planned_end, actual_start, actual_end, responsible_party, helper_party, dependencies, notes) VALUES ($1::INTEGER, $2::VARCHAR, $3::VARCHAR, $4::VARCHAR, $5::VARCHAR, $6::FLOAT, $7::FLOAT, $8::VARCHAR, $9::TIMESTAMP WITH TIME ZONE, $10::TIMESTAMP WITH TIME ZONE, $11::TIMESTAMP WITH TIME ZONE, $12::TIMESTAMP WITH TIME ZONE, $13::VARCHAR, $14::VARCHAR, $15::JSON, $16::VARCHAR) RETURNING tasks.id
2026-02-15 23:12:47,159 INFO sqlalchemy.engine.Engine [cached since 0.009117s ago] (6, None, 'System Commissioning and Pilot Run', 'Calibration of the power supply and cooling loop. Conducting test runs on standard Aluminum 6061 coupons to verify coating thickness and hardness.', 'Medium', 45.0, 0.0, 'not_started', None, None, None, None, None, None, '["Control System and Sensor Integration", "Electrolyte Formulation and Initial Charging"]', None)
2026-02-15 23:12:47,160 INFO sqlalchemy.engine.Engine INSERT INTO tasks (project_id, wbs_code, title, description, priority, estimated_hours, actual_hours, status, planned_start, planned_end, actual_start, actual_end, responsible_party, helper_party, dependencies, notes) VALUES ($1::INTEGER, $2::VARCHAR, $3::VARCHAR, $4::VARCHAR, $5::VARCHAR, $6::FLOAT, $7::FLOAT, $8::VARCHAR, $9::TIMESTAMP WITH TIME ZONE, $10::TIMESTAMP WITH TIME ZONE, $11::TIMESTAMP WITH TIME ZONE, $12::TIMESTAMP WITH TIME ZONE, $13::VARCHAR, $14::VARCHAR, $15::JSON, $16::VARCHAR) RETURNING tasks.id
2026-02-15 23:12:47,160 INFO sqlalchemy.engine.Engine [generated in 0.00018s] (6, None, 'General Logistics & Procurement', 'Acquisition and management of project materials', 'Medium', 0.0, 0.0, 'todo', None, None, None, None, None, None, '[]', None)
2026-02-15 23:12:47,162 INFO sqlalchemy.engine.Engine INSERT INTO materials (task_id, name, category, quantity, unit, unit_price, total_price) SELECT p0::INTEGER, p1::VARCHAR, p2::VARCHAR, p3::FLOAT, p4::VARCHAR, p5::FLOAT, p6::FLOAT FROM (VALUES ($1::INTEGER, $2::VARCHAR, $3::VARCHAR, $4::FLOAT, $5::VA ... 728 characters truncated ...  p2, p3, p4, p5, p6, sen_counter) ORDER BY sen_counter RETURNING materials.id, materials.id AS id__1
2026-02-15 23:12:47,163 INFO sqlalchemy.engine.Engine [generated in 0.00008s (insertmanyvalues) 1/1 (ordered)] (52, 'High Voltage Bipolar Pulse Power Supply (100kW)', 'Electrical', 1.0, 'pcs', 25000.0, 25000.0, 52, 'Industrial Recirculating Chiller (20kW)', 'Mechanical', 1.0, 'pcs', 5500.0, 5500.0, 52, 'Stainless Steel 316L Electrolytic Tank (500L)', 'Structural', 1.0, 'pcs', 3200.0, 3200.0, 52, 'Sodium Silicate (Industrial Grade)', 'Chemicals', 250.0, 'kg', 1.2, 300.0, 52, 'Potassium Hydroxide (KOH)', 'Chemicals', 100.0, 'kg', 2.5, 250.0, 52, 'Siemens S7-1200 PLC and HMI Module', 'Software/Electrical', 1.0, 'set', 1850.0, 1850.0, 52, 'Titanium Cathode Plates', 'Structural', 4.0, 'pcs', 450.0, 1800.0, 52, 'Air Agitation Manifold', 'Mechanical', 1.0, 'set', 600.0, 600.0)
2026-02-15 23:12:47,166 INFO sqlalchemy.engine.Engine COMMIT
2026-02-15 23:12:47,167 INFO sqlalchemy.engine.Engine BEGIN (implicit)
2026-02-15 23:12:47,168 INFO sqlalchemy.engine.Engine SELECT projects.id, projects.title, projects.description, projects.industry, projects.summary, projects.tech_stack, projects.created_at, projects.status 
FROM projects 
WHERE projects.id = $1::INTEGER
2026-02-15 23:12:47,168 INFO sqlalchemy.engine.Engine [generated in 0.00020s] (6,)
2026-02-15 23:12:47,170 INFO sqlalchemy.engine.Engine SELECT tasks.project_id AS tasks_project_id, tasks.id AS tasks_id, tasks.wbs_code AS tasks_wbs_code, tasks.title AS tasks_title, tasks.description AS tasks_description, tasks.priority AS tasks_priority, tasks.estimated_hours AS tasks_estimated_hours, tasks.actual_hours AS tasks_actual_hours, tasks.status AS tasks_status, tasks.planned_start AS tasks_planned_start, tasks.planned_end AS tasks_planned_end, tasks.actual_start AS tasks_actual_start, tasks.actual_end AS tasks_actual_end, tasks.responsible_party AS tasks_responsible_party, tasks.helper_party AS tasks_helper_party, tasks.dependencies AS tasks_dependencies, tasks.notes AS tasks_notes 
FROM tasks 
WHERE tasks.project_id IN ($1::INTEGER)
2026-02-15 23:12:47,170 INFO sqlalchemy.engine.Engine [cached since 778.6s ago] (6,)
2026-02-15 23:12:47,171 INFO sqlalchemy.engine.Engine SELECT materials.task_id AS materials_task_id, materials.id AS materials_id, materials.name AS materials_name, materials.category AS materials_category, materials.quantity AS materials_quantity, materials.unit AS materials_unit, materials.unit_price AS materials_unit_price, materials.total_price AS materials_total_price 
FROM materials 
WHERE materials.task_id IN ($1::INTEGER, $2::INTEGER, $3::INTEGER, $4::INTEGER, $5::INTEGER, $6::INTEGER, $7::INTEGER)
2026-02-15 23:12:47,171 INFO sqlalchemy.engine.Engine [cached since 778.6s ago] (46, 47, 48, 49, 50, 51, 52)
INFO:     127.0.0.1:55758 - "POST /api/v1/projects/ HTTP/1.1" 200 OK
2026-02-15 23:12:47,173 INFO sqlalchemy.engine.Engine ROLLBACK
2026-02-15 23:12:50,298 INFO sqlalchemy.engine.Engine BEGIN (implicit)
2026-02-15 23:12:50,299 INFO sqlalchemy.engine.Engine SELECT projects.id, projects.title, projects.description, projects.industry, projects.summary, projects.tech_stack, projects.created_at, projects.status 
FROM projects
2026-02-15 23:12:50,299 INFO sqlalchemy.engine.Engine [cached since 781.7s ago] ()
INFO:     127.0.0.1:52778 - "GET /health HTTP/1.1" 200 OK
2026-02-15 23:12:50,300 INFO sqlalchemy.engine.Engine SELECT tasks.project_id AS tasks_project_id, tasks.id AS tasks_id, tasks.wbs_code AS tasks_wbs_code, tasks.title AS tasks_title, tasks.description AS tasks_description, tasks.priority AS tasks_priority, tasks.estimated_hours AS tasks_estimated_hours, tasks.actual_hours AS tasks_actual_hours, tasks.status AS tasks_status, tasks.planned_start AS tasks_planned_start, tasks.planned_end AS tasks_planned_end, tasks.actual_start AS tasks_actual_start, tasks.actual_end AS tasks_actual_end, tasks.responsible_party AS tasks_responsible_party, tasks.helper_party AS tasks_helper_party, tasks.dependencies AS tasks_dependencies, tasks.notes AS tasks_notes 
FROM tasks 
WHERE tasks.project_id IN ($1::INTEGER, $2::INTEGER, $3::INTEGER)
2026-02-15 23:12:50,302 INFO sqlalchemy.engine.Engine [cached since 781.7s ago] (4, 5, 6)
2026-02-15 23:12:50,305 INFO sqlalchemy.engine.Engine SELECT materials.task_id AS materials_task_id, materials.id AS materials_id, materials.name AS materials_name, materials.category AS materials_category, materials.quantity AS materials_quantity, materials.unit AS materials_unit, materials.unit_price AS materials_unit_price, materials.total_price AS materials_total_price 
FROM materials 
WHERE materials.task_id IN ($1::INTEGER, $2::INTEGER, $3::INTEGER, $4::INTEGER, $5::INTEGER, $6::INTEGER, $7::INTEGER, $8::INTEGER, $9::INTEGER, $10::INTEGER, $11::INTEGER, $12::INTEGER, $13::INTEGER, $14::INTEGER, $15::INTEGER, $16::INTEGER, $17::INTEGER, $18::INTEGER, $19::INTEGER, $20::INTEGER, $21::INTEGER, $22::INTEGER, $23::INTEGER, $24::INTEGER, $25::INTEGER)
2026-02-15 23:12:50,305 INFO sqlalchemy.engine.Engine [cached since 781.7s ago] (30, 29, 31, 32, 28, 33, 34, 35, 36, 37, 38, 39, 40, 41, 42, 43, 44, 45, 46, 47, 48, 49, 50, 51, 52)
INFO:     127.0.0.1:55758 - "GET /api/v1/projects/ HTTP/1.1" 200 OK
2026-02-15 23:12:50,310 INFO sqlalchemy.engine.Engine ROLLBACK
2026-02-15 23:13:04,507 INFO sqlalchemy.engine.Engine BEGIN (implicit)
2026-02-15 23:13:04,507 INFO sqlalchemy.engine.Engine SELECT projects.id, projects.title, projects.description, projects.industry, projects.summary, projects.tech_stack, projects.created_at, projects.status 
FROM projects
2026-02-15 23:13:04,507 INFO sqlalchemy.engine.Engine [cached since 795.9s ago] ()
2026-02-15 23:13:04,509 INFO sqlalchemy.engine.Engine SELECT tasks.project_id AS tasks_project_id, tasks.id AS tasks_id, tasks.wbs_code AS tasks_wbs_code, tasks.title AS tasks_title, tasks.description AS tasks_description, tasks.priority AS tasks_priority, tasks.estimated_hours AS tasks_estimated_hours, tasks.actual_hours AS tasks_actual_hours, tasks.status AS tasks_status, tasks.planned_start AS tasks_planned_start, tasks.planned_end AS tasks_planned_end, tasks.actual_start AS tasks_actual_start, tasks.actual_end AS tasks_actual_end, tasks.responsible_party AS tasks_responsible_party, tasks.helper_party AS tasks_helper_party, tasks.dependencies AS tasks_dependencies, tasks.notes AS tasks_notes 
FROM tasks 
WHERE tasks.project_id IN ($1::INTEGER, $2::INTEGER, $3::INTEGER)
2026-02-15 23:13:04,510 INFO sqlalchemy.engine.Engine [cached since 795.9s ago] (4, 5, 6)
2026-02-15 23:13:04,513 INFO sqlalchemy.engine.Engine SELECT materials.task_id AS materials_task_id, materials.id AS materials_id, materials.name AS materials_name, materials.category AS materials_category, materials.quantity AS materials_quantity, materials.unit AS materials_unit, materials.unit_price AS materials_unit_price, materials.total_price AS materials_total_price 
FROM materials 
WHERE materials.task_id IN ($1::INTEGER, $2::INTEGER, $3::INTEGER, $4::INTEGER, $5::INTEGER, $6::INTEGER, $7::INTEGER, $8::INTEGER, $9::INTEGER, $10::INTEGER, $11::INTEGER, $12::INTEGER, $13::INTEGER, $14::INTEGER, $15::INTEGER, $16::INTEGER, $17::INTEGER, $18::INTEGER, $19::INTEGER, $20::INTEGER, $21::INTEGER, $22::INTEGER, $23::INTEGER, $24::INTEGER, $25::INTEGER)
2026-02-15 23:13:04,513 INFO sqlalchemy.engine.Engine [cached since 795.9s ago] (30, 29, 31, 32, 28, 33, 34, 35, 36, 37, 38, 39, 40, 41, 42, 43, 44, 45, 46, 47, 48, 49, 50, 51, 52)
INFO:     127.0.0.1:52621 - "GET /api/v1/projects/ HTTP/1.1" 200 OK
2026-02-15 23:13:04,516 INFO sqlalchemy.engine.Engine ROLLBACK
2026-02-15 23:13:04,520 INFO sqlalchemy.engine.Engine BEGIN (implicit)
2026-02-15 23:13:04,521 INFO sqlalchemy.engine.Engine SELECT projects.id, projects.title, projects.description, projects.industry, projects.summary, projects.tech_stack, projects.created_at, projects.status 
FROM projects
2026-02-15 23:13:04,521 INFO sqlalchemy.engine.Engine [cached since 795.9s ago] ()
2026-02-15 23:13:04,523 INFO sqlalchemy.engine.Engine SELECT tasks.project_id AS tasks_project_id, tasks.id AS tasks_id, tasks.wbs_code AS tasks_wbs_code, tasks.title AS tasks_title, tasks.description AS tasks_description, tasks.priority AS tasks_priority, tasks.estimated_hours AS tasks_estimated_hours, tasks.actual_hours AS tasks_actual_hours, tasks.status AS tasks_status, tasks.planned_start AS tasks_planned_start, tasks.planned_end AS tasks_planned_end, tasks.actual_start AS tasks_actual_start, tasks.actual_end AS tasks_actual_end, tasks.responsible_party AS tasks_responsible_party, tasks.helper_party AS tasks_helper_party, tasks.dependencies AS tasks_dependencies, tasks.notes AS tasks_notes 
FROM tasks 
WHERE tasks.project_id IN ($1::INTEGER, $2::INTEGER, $3::INTEGER)
2026-02-15 23:13:04,523 INFO sqlalchemy.engine.Engine [cached since 795.9s ago] (4, 5, 6)
2026-02-15 23:13:04,526 INFO sqlalchemy.engine.Engine SELECT materials.task_id AS materials_task_id, materials.id AS materials_id, materials.name AS materials_name, materials.category AS materials_category, materials.quantity AS materials_quantity, materials.unit AS materials_unit, materials.unit_price AS materials_unit_price, materials.total_price AS materials_total_price 
FROM materials 
WHERE materials.task_id IN ($1::INTEGER, $2::INTEGER, $3::INTEGER, $4::INTEGER, $5::INTEGER, $6::INTEGER, $7::INTEGER, $8::INTEGER, $9::INTEGER, $10::INTEGER, $11::INTEGER, $12::INTEGER, $13::INTEGER, $14::INTEGER, $15::INTEGER, $16::INTEGER, $17::INTEGER, $18::INTEGER, $19::INTEGER, $20::INTEGER, $21::INTEGER, $22::INTEGER, $23::INTEGER, $24::INTEGER, $25::INTEGER)
2026-02-15 23:13:04,527 INFO sqlalchemy.engine.Engine [cached since 795.9s ago] (30, 29, 31, 32, 28, 33, 34, 35, 36, 37, 38, 39, 40, 41, 42, 43, 44, 45, 46, 47, 48, 49, 50, 51, 52)
INFO:     127.0.0.1:62966 - "GET /api/v1/projects/ HTTP/1.1" 200 OK
2026-02-15 23:13:04,531 INFO sqlalchemy.engine.Engine ROLLBACK
INFO:     127.0.0.1:51674 - "OPTIONS /api/v1/projects/6 HTTP/1.1" 200 OK
2026-02-15 23:13:28,958 INFO sqlalchemy.engine.Engine BEGIN (implicit)
2026-02-15 23:13:28,959 INFO sqlalchemy.engine.Engine SELECT projects.id, projects.title, projects.description, projects.industry, projects.summary, projects.tech_stack, projects.created_at, projects.status 
FROM projects 
WHERE projects.id = $1::INTEGER
2026-02-15 23:13:28,959 INFO sqlalchemy.engine.Engine [generated in 0.00014s] (6,)
2026-02-15 23:13:28,961 INFO sqlalchemy.engine.Engine SELECT tasks.id AS tasks_id, tasks.project_id AS tasks_project_id, tasks.wbs_code AS tasks_wbs_code, tasks.title AS tasks_title, tasks.description AS tasks_description, tasks.priority AS tasks_priority, tasks.estimated_hours AS tasks_estimated_hours, tasks.actual_hours AS tasks_actual_hours, tasks.status AS tasks_status, tasks.planned_start AS tasks_planned_start, tasks.planned_end AS tasks_planned_end, tasks.actual_start AS tasks_actual_start, tasks.actual_end AS tasks_actual_end, tasks.responsible_party AS tasks_responsible_party, tasks.helper_party AS tasks_helper_party, tasks.dependencies AS tasks_dependencies, tasks.notes AS tasks_notes 
FROM tasks 
WHERE $1::INTEGER = tasks.project_id
2026-02-15 23:13:28,962 INFO sqlalchemy.engine.Engine [generated in 0.00016s] (6,)
2026-02-15 23:13:28,965 INFO sqlalchemy.engine.Engine SELECT materials.id AS materials_id, materials.task_id AS materials_task_id, materials.name AS materials_name, materials.category AS materials_category, materials.quantity AS materials_quantity, materials.unit AS materials_unit, materials.unit_price AS materials_unit_price, materials.total_price AS materials_total_price 
FROM materials 
WHERE $1::INTEGER = materials.task_id
2026-02-15 23:13:28,965 INFO sqlalchemy.engine.Engine [generated in 0.00022s] (46,)
2026-02-15 23:13:28,967 INFO sqlalchemy.engine.Engine SELECT materials.id AS materials_id, materials.task_id AS materials_task_id, materials.name AS materials_name, materials.category AS materials_category, materials.quantity AS materials_quantity, materials.unit AS materials_unit, materials.unit_price AS materials_unit_price, materials.total_price AS materials_total_price 
FROM materials 
WHERE $1::INTEGER = materials.task_id
2026-02-15 23:13:28,967 INFO sqlalchemy.engine.Engine [cached since 0.001691s ago] (47,)
2026-02-15 23:13:28,967 INFO sqlalchemy.engine.Engine SELECT materials.id AS materials_id, materials.task_id AS materials_task_id, materials.name AS materials_name, materials.category AS materials_category, materials.quantity AS materials_quantity, materials.unit AS materials_unit, materials.unit_price AS materials_unit_price, materials.total_price AS materials_total_price 
FROM materials 
WHERE $1::INTEGER = materials.task_id
2026-02-15 23:13:28,967 INFO sqlalchemy.engine.Engine [cached since 0.002365s ago] (48,)
2026-02-15 23:13:28,968 INFO sqlalchemy.engine.Engine SELECT materials.id AS materials_id, materials.task_id AS materials_task_id, materials.name AS materials_name, materials.category AS materials_category, materials.quantity AS materials_quantity, materials.unit AS materials_unit, materials.unit_price AS materials_unit_price, materials.total_price AS materials_total_price 
FROM materials 
WHERE $1::INTEGER = materials.task_id
2026-02-15 23:13:28,968 INFO sqlalchemy.engine.Engine [cached since 0.002958s ago] (49,)
2026-02-15 23:13:28,968 INFO sqlalchemy.engine.Engine SELECT materials.id AS materials_id, materials.task_id AS materials_task_id, materials.name AS materials_name, materials.category AS materials_category, materials.quantity AS materials_quantity, materials.unit AS materials_unit, materials.unit_price AS materials_unit_price, materials.total_price AS materials_total_price 
FROM materials 
WHERE $1::INTEGER = materials.task_id
2026-02-15 23:13:28,968 INFO sqlalchemy.engine.Engine [cached since 0.003542s ago] (50,)
2026-02-15 23:13:28,968 INFO sqlalchemy.engine.Engine SELECT materials.id AS materials_id, materials.task_id AS materials_task_id, materials.name AS materials_name, materials.category AS materials_category, materials.quantity AS materials_quantity, materials.unit AS materials_unit, materials.unit_price AS materials_unit_price, materials.total_price AS materials_total_price 
FROM materials 
WHERE $1::INTEGER = materials.task_id
2026-02-15 23:13:28,968 INFO sqlalchemy.engine.Engine [cached since 0.004061s ago] (51,)
2026-02-15 23:13:28,970 INFO sqlalchemy.engine.Engine SELECT materials.id AS materials_id, materials.task_id AS materials_task_id, materials.name AS materials_name, materials.category AS materials_category, materials.quantity AS materials_quantity, materials.unit AS materials_unit, materials.unit_price AS materials_unit_price, materials.total_price AS materials_total_price 
FROM materials 
WHERE $1::INTEGER = materials.task_id
2026-02-15 23:13:28,970 INFO sqlalchemy.engine.Engine [cached since 0.004563s ago] (52,)
2026-02-15 23:13:28,971 INFO sqlalchemy.engine.Engine SELECT blueprints.id AS blueprints_id, blueprints.project_id AS blueprints_project_id, blueprints.filename AS blueprints_filename, blueprints.file_path AS blueprints_file_path, blueprints.uploaded_at AS blueprints_uploaded_at, blueprints.analysis_results AS blueprints_analysis_results 
FROM blueprints 
WHERE $1::INTEGER = blueprints.project_id
2026-02-15 23:13:28,971 INFO sqlalchemy.engine.Engine [generated in 0.00012s] (6,)
2026-02-15 23:13:28,981 INFO sqlalchemy.engine.Engine DELETE FROM materials WHERE materials.id = $1::INTEGER
2026-02-15 23:13:28,981 INFO sqlalchemy.engine.Engine [generated in 0.00028s] [(47,), (48,), (49,), (50,), (51,), (52,), (53,), (54,)]
2026-02-15 23:13:28,983 INFO sqlalchemy.engine.Engine DELETE FROM tasks WHERE tasks.id = $1::INTEGER
2026-02-15 23:13:28,983 INFO sqlalchemy.engine.Engine [generated in 0.00018s] [(46,), (47,), (48,), (49,), (50,), (51,), (52,)]
2026-02-15 23:13:28,985 INFO sqlalchemy.engine.Engine DELETE FROM projects WHERE projects.id = $1::INTEGER
2026-02-15 23:13:28,985 INFO sqlalchemy.engine.Engine [generated in 0.00010s] (6,)
2026-02-15 23:13:28,986 INFO sqlalchemy.engine.Engine COMMIT
INFO:     127.0.0.1:51674 - "DELETE /api/v1/projects/6 HTTP/1.1" 200 OK
INFO:     127.0.0.1:51674 - "OPTIONS /api/v1/projects/5 HTTP/1.1" 200 OK
2026-02-15 23:13:32,383 INFO sqlalchemy.engine.Engine BEGIN (implicit)
2026-02-15 23:13:32,383 INFO sqlalchemy.engine.Engine SELECT projects.id, projects.title, projects.description, projects.industry, projects.summary, projects.tech_stack, projects.created_at, projects.status 
FROM projects 
WHERE projects.id = $1::INTEGER
2026-02-15 23:13:32,383 INFO sqlalchemy.engine.Engine [cached since 3.424s ago] (5,)
2026-02-15 23:13:32,384 INFO sqlalchemy.engine.Engine SELECT tasks.id AS tasks_id, tasks.project_id AS tasks_project_id, tasks.wbs_code AS tasks_wbs_code, tasks.title AS tasks_title, tasks.description AS tasks_description, tasks.priority AS tasks_priority, tasks.estimated_hours AS tasks_estimated_hours, tasks.actual_hours AS tasks_actual_hours, tasks.status AS tasks_status, tasks.planned_start AS tasks_planned_start, tasks.planned_end AS tasks_planned_end, tasks.actual_start AS tasks_actual_start, tasks.actual_end AS tasks_actual_end, tasks.responsible_party AS tasks_responsible_party, tasks.helper_party AS tasks_helper_party, tasks.dependencies AS tasks_dependencies, tasks.notes AS tasks_notes 
FROM tasks 
WHERE $1::INTEGER = tasks.project_id
2026-02-15 23:13:32,384 INFO sqlalchemy.engine.Engine [cached since 3.423s ago] (5,)
2026-02-15 23:13:32,387 INFO sqlalchemy.engine.Engine SELECT materials.id AS materials_id, materials.task_id AS materials_task_id, materials.name AS materials_name, materials.category AS materials_category, materials.quantity AS materials_quantity, materials.unit AS materials_unit, materials.unit_price AS materials_unit_price, materials.total_price AS materials_total_price 
FROM materials 
WHERE $1::INTEGER = materials.task_id
2026-02-15 23:13:32,387 INFO sqlalchemy.engine.Engine [cached since 3.422s ago] (37,)
2026-02-15 23:13:32,387 INFO sqlalchemy.engine.Engine SELECT materials.id AS materials_id, materials.task_id AS materials_task_id, materials.name AS materials_name, materials.category AS materials_category, materials.quantity AS materials_quantity, materials.unit AS materials_unit, materials.unit_price AS materials_unit_price, materials.total_price AS materials_total_price 
FROM materials 
WHERE $1::INTEGER = materials.task_id
2026-02-15 23:13:32,387 INFO sqlalchemy.engine.Engine [cached since 3.423s ago] (38,)
2026-02-15 23:13:32,388 INFO sqlalchemy.engine.Engine SELECT materials.id AS materials_id, materials.task_id AS materials_task_id, materials.name AS materials_name, materials.category AS materials_category, materials.quantity AS materials_quantity, materials.unit AS materials_unit, materials.unit_price AS materials_unit_price, materials.total_price AS materials_total_price 
FROM materials 
WHERE $1::INTEGER = materials.task_id
2026-02-15 23:13:32,388 INFO sqlalchemy.engine.Engine [cached since 3.424s ago] (39,)
2026-02-15 23:13:32,389 INFO sqlalchemy.engine.Engine SELECT materials.id AS materials_id, materials.task_id AS materials_task_id, materials.name AS materials_name, materials.category AS materials_category, materials.quantity AS materials_quantity, materials.unit AS materials_unit, materials.unit_price AS materials_unit_price, materials.total_price AS materials_total_price 
FROM materials 
WHERE $1::INTEGER = materials.task_id
2026-02-15 23:13:32,389 INFO sqlalchemy.engine.Engine [cached since 3.424s ago] (40,)
2026-02-15 23:13:32,390 INFO sqlalchemy.engine.Engine SELECT materials.id AS materials_id, materials.task_id AS materials_task_id, materials.name AS materials_name, materials.category AS materials_category, materials.quantity AS materials_quantity, materials.unit AS materials_unit, materials.unit_price AS materials_unit_price, materials.total_price AS materials_total_price 
FROM materials 
WHERE $1::INTEGER = materials.task_id
2026-02-15 23:13:32,390 INFO sqlalchemy.engine.Engine [cached since 3.425s ago] (41,)
2026-02-15 23:13:32,390 INFO sqlalchemy.engine.Engine SELECT materials.id AS materials_id, materials.task_id AS materials_task_id, materials.name AS materials_name, materials.category AS materials_category, materials.quantity AS materials_quantity, materials.unit AS materials_unit, materials.unit_price AS materials_unit_price, materials.total_price AS materials_total_price 
FROM materials 
WHERE $1::INTEGER = materials.task_id
2026-02-15 23:13:32,390 INFO sqlalchemy.engine.Engine [cached since 3.425s ago] (42,)
2026-02-15 23:13:32,390 INFO sqlalchemy.engine.Engine SELECT materials.id AS materials_id, materials.task_id AS materials_task_id, materials.name AS materials_name, materials.category AS materials_category, materials.quantity AS materials_quantity, materials.unit AS materials_unit, materials.unit_price AS materials_unit_price, materials.total_price AS materials_total_price 
FROM materials 
WHERE $1::INTEGER = materials.task_id
2026-02-15 23:13:32,391 INFO sqlalchemy.engine.Engine [cached since 3.426s ago] (43,)
2026-02-15 23:13:32,391 INFO sqlalchemy.engine.Engine SELECT materials.id AS materials_id, materials.task_id AS materials_task_id, materials.name AS materials_name, materials.category AS materials_category, materials.quantity AS materials_quantity, materials.unit AS materials_unit, materials.unit_price AS materials_unit_price, materials.total_price AS materials_total_price 
FROM materials 
WHERE $1::INTEGER = materials.task_id
2026-02-15 23:13:32,391 INFO sqlalchemy.engine.Engine [cached since 3.426s ago] (44,)
2026-02-15 23:13:32,391 INFO sqlalchemy.engine.Engine SELECT materials.id AS materials_id, materials.task_id AS materials_task_id, materials.name AS materials_name, materials.category AS materials_category, materials.quantity AS materials_quantity, materials.unit AS materials_unit, materials.unit_price AS materials_unit_price, materials.total_price AS materials_total_price 
FROM materials 
WHERE $1::INTEGER = materials.task_id
2026-02-15 23:13:32,391 INFO sqlalchemy.engine.Engine [cached since 3.426s ago] (45,)
2026-02-15 23:13:32,392 INFO sqlalchemy.engine.Engine SELECT blueprints.id AS blueprints_id, blueprints.project_id AS blueprints_project_id, blueprints.filename AS blueprints_filename, blueprints.file_path AS blueprints_file_path, blueprints.uploaded_at AS blueprints_uploaded_at, blueprints.analysis_results AS blueprints_analysis_results 
FROM blueprints 
WHERE $1::INTEGER = blueprints.project_id
2026-02-15 23:13:32,392 INFO sqlalchemy.engine.Engine [cached since 3.421s ago] (5,)
2026-02-15 23:13:32,392 INFO sqlalchemy.engine.Engine DELETE FROM materials WHERE materials.id = $1::INTEGER
2026-02-15 23:13:32,392 INFO sqlalchemy.engine.Engine [cached since 3.413s ago] [(39,), (40,), (41,), (42,), (43,), (44,), (45,), (46,)]
2026-02-15 23:13:32,393 INFO sqlalchemy.engine.Engine DELETE FROM tasks WHERE tasks.id = $1::INTEGER
2026-02-15 23:13:32,393 INFO sqlalchemy.engine.Engine [cached since 3.411s ago] [(37,), (38,), (39,), (40,), (41,), (42,), (43,), (44,), (45,)]
2026-02-15 23:13:32,394 INFO sqlalchemy.engine.Engine DELETE FROM projects WHERE projects.id = $1::INTEGER
2026-02-15 23:13:32,394 INFO sqlalchemy.engine.Engine [cached since 3.41s ago] (5,)
2026-02-15 23:13:32,394 INFO sqlalchemy.engine.Engine COMMIT
INFO:     127.0.0.1:51674 - "DELETE /api/v1/projects/5 HTTP/1.1" 200 OK
INFO:     127.0.0.1:51674 - "OPTIONS /api/v1/projects/4 HTTP/1.1" 200 OK
2026-02-15 23:13:35,487 INFO sqlalchemy.engine.Engine BEGIN (implicit)
2026-02-15 23:13:35,487 INFO sqlalchemy.engine.Engine SELECT projects.id, projects.title, projects.description, projects.industry, projects.summary, projects.tech_stack, projects.created_at, projects.status 
FROM projects 
WHERE projects.id = $1::INTEGER
2026-02-15 23:13:35,487 INFO sqlalchemy.engine.Engine [cached since 6.528s ago] (4,)
2026-02-15 23:13:35,488 INFO sqlalchemy.engine.Engine SELECT tasks.id AS tasks_id, tasks.project_id AS tasks_project_id, tasks.wbs_code AS tasks_wbs_code, tasks.title AS tasks_title, tasks.description AS tasks_description, tasks.priority AS tasks_priority, tasks.estimated_hours AS tasks_estimated_hours, tasks.actual_hours AS tasks_actual_hours, tasks.status AS tasks_status, tasks.planned_start AS tasks_planned_start, tasks.planned_end AS tasks_planned_end, tasks.actual_start AS tasks_actual_start, tasks.actual_end AS tasks_actual_end, tasks.responsible_party AS tasks_responsible_party, tasks.helper_party AS tasks_helper_party, tasks.dependencies AS tasks_dependencies, tasks.notes AS tasks_notes 
FROM tasks 
WHERE $1::INTEGER = tasks.project_id
2026-02-15 23:13:35,488 INFO sqlalchemy.engine.Engine [cached since 6.526s ago] (4,)
2026-02-15 23:13:35,490 INFO sqlalchemy.engine.Engine SELECT materials.id AS materials_id, materials.task_id AS materials_task_id, materials.name AS materials_name, materials.category AS materials_category, materials.quantity AS materials_quantity, materials.unit AS materials_unit, materials.unit_price AS materials_unit_price, materials.total_price AS materials_total_price 
FROM materials 
WHERE $1::INTEGER = materials.task_id
2026-02-15 23:13:35,490 INFO sqlalchemy.engine.Engine [cached since 6.525s ago] (30,)
2026-02-15 23:13:35,491 INFO sqlalchemy.engine.Engine SELECT materials.id AS materials_id, materials.task_id AS materials_task_id, materials.name AS materials_name, materials.category AS materials_category, materials.quantity AS materials_quantity, materials.unit AS materials_unit, materials.unit_price AS materials_unit_price, materials.total_price AS materials_total_price 
FROM materials 
WHERE $1::INTEGER = materials.task_id
2026-02-15 23:13:35,491 INFO sqlalchemy.engine.Engine [cached since 6.526s ago] (29,)
2026-02-15 23:13:35,492 INFO sqlalchemy.engine.Engine SELECT materials.id AS materials_id, materials.task_id AS materials_task_id, materials.name AS materials_name, materials.category AS materials_category, materials.quantity AS materials_quantity, materials.unit AS materials_unit, materials.unit_price AS materials_unit_price, materials.total_price AS materials_total_price 
FROM materials 
WHERE $1::INTEGER = materials.task_id
2026-02-15 23:13:35,492 INFO sqlalchemy.engine.Engine [cached since 6.527s ago] (31,)
2026-02-15 23:13:35,493 INFO sqlalchemy.engine.Engine SELECT materials.id AS materials_id, materials.task_id AS materials_task_id, materials.name AS materials_name, materials.category AS materials_category, materials.quantity AS materials_quantity, materials.unit AS materials_unit, materials.unit_price AS materials_unit_price, materials.total_price AS materials_total_price 
FROM materials 
WHERE $1::INTEGER = materials.task_id
2026-02-15 23:13:35,493 INFO sqlalchemy.engine.Engine [cached since 6.528s ago] (32,)
2026-02-15 23:13:35,494 INFO sqlalchemy.engine.Engine SELECT materials.id AS materials_id, materials.task_id AS materials_task_id, materials.name AS materials_name, materials.category AS materials_category, materials.quantity AS materials_quantity, materials.unit AS materials_unit, materials.unit_price AS materials_unit_price, materials.total_price AS materials_total_price 
FROM materials 
WHERE $1::INTEGER = materials.task_id
2026-02-15 23:13:35,494 INFO sqlalchemy.engine.Engine [cached since 6.529s ago] (28,)
2026-02-15 23:13:35,494 INFO sqlalchemy.engine.Engine SELECT materials.id AS materials_id, materials.task_id AS materials_task_id, materials.name AS materials_name, materials.category AS materials_category, materials.quantity AS materials_quantity, materials.unit AS materials_unit, materials.unit_price AS materials_unit_price, materials.total_price AS materials_total_price 
FROM materials 
WHERE $1::INTEGER = materials.task_id
2026-02-15 23:13:35,494 INFO sqlalchemy.engine.Engine [cached since 6.53s ago] (33,)
2026-02-15 23:13:35,494 INFO sqlalchemy.engine.Engine SELECT materials.id AS materials_id, materials.task_id AS materials_task_id, materials.name AS materials_name, materials.category AS materials_category, materials.quantity AS materials_quantity, materials.unit AS materials_unit, materials.unit_price AS materials_unit_price, materials.total_price AS materials_total_price 
FROM materials 
WHERE $1::INTEGER = materials.task_id
2026-02-15 23:13:35,494 INFO sqlalchemy.engine.Engine [cached since 6.53s ago] (34,)
2026-02-15 23:13:35,495 INFO sqlalchemy.engine.Engine SELECT materials.id AS materials_id, materials.task_id AS materials_task_id, materials.name AS materials_name, materials.category AS materials_category, materials.quantity AS materials_quantity, materials.unit AS materials_unit, materials.unit_price AS materials_unit_price, materials.total_price AS materials_total_price 
FROM materials 
WHERE $1::INTEGER = materials.task_id
2026-02-15 23:13:35,495 INFO sqlalchemy.engine.Engine [cached since 6.53s ago] (35,)
2026-02-15 23:13:35,495 INFO sqlalchemy.engine.Engine SELECT materials.id AS materials_id, materials.task_id AS materials_task_id, materials.name AS materials_name, materials.category AS materials_category, materials.quantity AS materials_quantity, materials.unit AS materials_unit, materials.unit_price AS materials_unit_price, materials.total_price AS materials_total_price 
FROM materials 
WHERE $1::INTEGER = materials.task_id
2026-02-15 23:13:35,495 INFO sqlalchemy.engine.Engine [cached since 6.531s ago] (36,)
2026-02-15 23:13:35,496 INFO sqlalchemy.engine.Engine SELECT blueprints.id AS blueprints_id, blueprints.project_id AS blueprints_project_id, blueprints.filename AS blueprints_filename, blueprints.file_path AS blueprints_file_path, blueprints.uploaded_at AS blueprints_uploaded_at, blueprints.analysis_results AS blueprints_analysis_results 
FROM blueprints 
WHERE $1::INTEGER = blueprints.project_id
2026-02-15 23:13:35,496 INFO sqlalchemy.engine.Engine [cached since 6.526s ago] (4,)
2026-02-15 23:13:35,498 INFO sqlalchemy.engine.Engine DELETE FROM materials WHERE materials.id = $1::INTEGER
2026-02-15 23:13:35,498 INFO sqlalchemy.engine.Engine [cached since 6.517s ago] [(31,), (32,), (33,), (34,), (35,), (36,), (37,), (38,)]
2026-02-15 23:13:35,498 INFO sqlalchemy.engine.Engine DELETE FROM tasks WHERE tasks.id = $1::INTEGER
2026-02-15 23:13:35,498 INFO sqlalchemy.engine.Engine [cached since 6.515s ago] [(28,), (29,), (30,), (31,), (32,), (33,), (34,), (35,), (36,)]
2026-02-15 23:13:35,499 INFO sqlalchemy.engine.Engine DELETE FROM projects WHERE projects.id = $1::INTEGER
2026-02-15 23:13:35,499 INFO sqlalchemy.engine.Engine [cached since 6.514s ago] (4,)
2026-02-15 23:13:35,499 INFO sqlalchemy.engine.Engine COMMIT
INFO:     127.0.0.1:51674 - "DELETE /api/v1/projects/4 HTTP/1.1" 200 OK
INFO:     127.0.0.1:58567 - "POST /api/v1/projects/generate-plan HTTP/1.1" 500 Internal Server Error
INFO:     127.0.0.1:60886 - "POST /api/v1/projects/generate-plan HTTP/1.1" 200 OK
2026-02-15 23:21:50,086 INFO sqlalchemy.engine.Engine BEGIN (implicit)
2026-02-15 23:21:50,087 INFO sqlalchemy.engine.Engine SELECT projects.id, projects.title, projects.description, projects.industry, projects.summary, projects.tech_stack, projects.created_at, projects.status 
FROM projects
2026-02-15 23:21:50,088 INFO sqlalchemy.engine.Engine [cached since 1321s ago] ()
INFO:     127.0.0.1:53720 - "GET /api/v1/projects/ HTTP/1.1" 200 OK
2026-02-15 23:21:50,090 INFO sqlalchemy.engine.Engine ROLLBACK
INFO:     127.0.0.1:54407 - "GET /health HTTP/1.1" 200 OK
INFO:     127.0.0.1:57388 - "POST /api/v1/projects/generate-plan HTTP/1.1" 200 OK
2026-02-15 23:23:40,528 INFO sqlalchemy.engine.Engine BEGIN (implicit)
2026-02-15 23:23:40,529 INFO sqlalchemy.engine.Engine SELECT projects.id, projects.title, projects.description, projects.industry, projects.summary, projects.tech_stack, projects.created_at, projects.status 
FROM projects
2026-02-15 23:23:40,529 INFO sqlalchemy.engine.Engine [cached since 1432s ago] ()
INFO:     127.0.0.1:61718 - "GET /health HTTP/1.1" 200 OK
INFO:     127.0.0.1:64813 - "GET /api/v1/projects/ HTTP/1.1" 200 OK
2026-02-15 23:23:40,532 INFO sqlalchemy.engine.Engine ROLLBACK
2026-02-15 23:25:46,737 INFO sqlalchemy.engine.Engine BEGIN (implicit)
2026-02-15 23:25:46,737 INFO sqlalchemy.engine.Engine SELECT projects.id, projects.title, projects.description, projects.industry, projects.summary, projects.tech_stack, projects.created_at, projects.status 
FROM projects
2026-02-15 23:25:46,737 INFO sqlalchemy.engine.Engine [cached since 1558s ago] ()
INFO:     127.0.0.1:62353 - "GET /health HTTP/1.1" 200 OK
INFO:     127.0.0.1:62847 - "GET /api/v1/projects/ HTTP/1.1" 200 OK
2026-02-15 23:25:46,740 INFO sqlalchemy.engine.Engine ROLLBACK
INFO:     127.0.0.1:54679 - "POST /api/v1/projects/generate-plan HTTP/1.1" 200 OK
2026-02-15 23:28:13,414 INFO sqlalchemy.engine.Engine BEGIN (implicit)
2026-02-15 23:28:13,415 INFO sqlalchemy.engine.Engine SELECT projects.id, projects.title, projects.description, projects.industry, projects.summary, projects.tech_stack, projects.created_at, projects.status 
FROM projects
2026-02-15 23:28:13,415 INFO sqlalchemy.engine.Engine [cached since 1705s ago] ()
INFO:     127.0.0.1:49752 - "GET /api/v1/projects/ HTTP/1.1" 200 OK
2026-02-15 23:28:13,417 INFO sqlalchemy.engine.Engine ROLLBACK
INFO:     127.0.0.1:56393 - "GET /health HTTP/1.1" 200 OK
